PHP version 8.5.3-dev (/root/.phpenv/versions/8.5snapshot/bin/php)
Run the "diagnose" command to get more detailed diagnostics output.
[OK] Composer is available: Composer version 2.9.3 2025-12-30 13:40:17
[OK] PHP extension 'pdo_sqlite' is enabled.
[OK] PHP extension 'mbstring' is enabled.
[OK] PHP extension 'xml' is enabled.
[OK] PHP extension 'curl' is enabled.
[OK] PHP extension 'json' is enabled.
[OK] composer.lock present.
[WARN] api/.env.testing missing; run scripts/setup-api-test-env.sh to generate deterministic test env.
[WARN] api/vendor/autoload.php missing; run scripts/setup-api-test-env.sh.
[WARN] api/database/testing.sqlite missing; run scripts/setup-api-test-env.sh.
[ERR] PHP version 8.5.3-dev is unsupported by api/composer.json (requires >=8.0 <=8.2.30).
[ERR] Missing PHP extension 'sodium'.

Actionable guidance:
1) Use supported PHP: 8.2.x.
2) Install required PHP extensions: sodium, pdo_sqlite, mbstring, xml, curl, json.
3) Initialize test environment:
   ./scripts/setup-api-test-env.sh
4) Run critical suites:
   ./scripts/run-api-tests.sh
